rake aborted!
ActiveRecord::StatementInvalid: SQLite3::SQLException: no such table: items: SELECT "items".* FROM "items"  WHERE (created_at <= '2014-12-02 03:06:05.884162')
/home/vagrant/.rvm/gems/ruby-2.0.0-p576/gems/sqlite3-1.3.10/lib/sqlite3/database.rb:91:in `initialize'
/home/vagrant/.rvm/gems/ruby-2.0.0-p576/gems/sqlite3-1.3.10/lib/sqlite3/database.rb:91:in `new'
/home/vagrant/.rvm/gems/ruby-2.0.0-p576/gems/sqlite3-1.3.10/lib/sqlite3/database.rb:91:in `prepare'
/home/vagrant/.rvm/gems/ruby-2.0.0-p576/gems/activerecord-4.0.10/lib/active_record/connection_adapters/sqlite3_adapter.rb:299:in `block in exec_query'
/home/vagrant/.rvm/gems/ruby-2.0.0-p576/gems/activerecord-4.0.10/lib/active_record/connection_adapters/abstract_adapter.rb:442:in `block in log'
/home/vagrant/.rvm/gems/ruby-2.0.0-p576/gems/activesupport-4.0.10/lib/active_support/notifications/instrumenter.rb:20:in `instrument'
/home/vagrant/.rvm/gems/ruby-2.0.0-p576/gems/activerecord-4.0.10/lib/active_record/connection_adapters/abstract_adapter.rb:437:in `log'
/home/vagrant/.rvm/gems/ruby-2.0.0-p576/gems/activerecord-4.0.10/lib/active_record/connection_adapters/sqlite3_adapter.rb:295:in `exec_query'
/home/vagrant/.rvm/gems/ruby-2.0.0-p576/gems/activerecord-4.0.10/lib/active_record/connection_adapters/sqlite3_adapter.rb:510:in `select'
/home/vagrant/.rvm/gems/ruby-2.0.0-p576/gems/activerecord-4.0.10/lib/active_record/connection_adapters/abstract/database_statements.rb:25:in `select_all'
/home/vagrant/.rvm/gems/ruby-2.0.0-p576/gems/activerecord-4.0.10/lib/active_record/connection_adapters/abstract/query_cache.rb:64:in `select_all'
/home/vagrant/.rvm/gems/ruby-2.0.0-p576/gems/activerecord-4.0.10/lib/active_record/querying.rb:36:in `find_by_sql'
/home/vagrant/.rvm/gems/ruby-2.0.0-p576/gems/activerecord-4.0.10/lib/active_record/relation.rb:587:in `exec_queries'
/home/vagrant/.rvm/gems/ruby-2.0.0-p576/gems/activerecord-4.0.10/lib/active_record/relation.rb:471:in `load'
/home/vagrant/.rvm/gems/ruby-2.0.0-p576/gems/activerecord-4.0.10/lib/active_record/relation.rb:220:in `to_a'
/home/vagrant/.rvm/gems/ruby-2.0.0-p576/gems/activerecord-4.0.10/lib/active_record/relation.rb:369:in `destroy_all'
/home/vagrant/code/blocitoff/lib/tasks/auto_delete.rake:2:in `block in <top (required)>'
Tasks: TOP => autodel
(See full trace by running task with --trace)
